[0130/163519:ERROR:process_info.cc(608)] range at 0xfee9a000, size 0x230 fully unreadable
[0130/163519:ERROR:process_info.cc(608)] range at 0xfee9e000, size 0xf84 fully unreadable
[0130/163519:ERROR:process_info.cc(608)] range at 0xfee99000, size 0xf84 fully unreadable
[0130/163519:ERROR:process_info.cc(608)] range at 0xfee96000, size 0xf84 fully unreadable
[0130/163519:ERROR:process_info.cc(608)] range at 0xfed6f000, size 0xf84 fully unreadable
[0130/163519:ERROR:process_info.cc(608)] range at 0xfed6c000, size 0xf84 fully unreadable
[0130/163519:ERROR:process_info.cc(608)] range at 0xfed69000, size 0xf84 fully unreadable
[0130/163519:ERROR:process_info.cc(608)] range at 0xfed66000, size 0xf84 fully unreadable
[0130/163519:ERROR:process_info.cc(608)] range at 0xfed63000, size 0xf84 fully unreadable
[0130/163519:ERROR:process_info.cc(608)] range at 0xfed60000, size 0xf84 fully unreadable
[0130/163519:ERROR:process_info.cc(608)] range at 0xfed5d000, size 0xf84 fully unreadable
[0130/163519:ERROR:process_info.cc(608)] range at 0xfed57000, size 0xf84 fully unreadable
[0130/163519:ERROR:process_info.cc(608)] range at 0xfed54000, size 0xf84 fully unreadable
[0130/163519:ERROR:process_info.cc(608)] range at 0xfed5a000, size 0xf84 fully unreadable
[0131/120534:ERROR:process_info.cc(608)] range at 0xfeaae000, size 0x230 fully unreadable
[0131/120534:ERROR:process_info.cc(608)] range at 0xfeaad000, size 0xf84 fully unreadable
[0131/120534:ERROR:process_info.cc(608)] range at 0xfeaaa000, size 0xf84 fully unreadable
[0131/120534:ERROR:process_info.cc(608)] range at 0xfeaa7000, size 0xf84 fully unreadable
[0131/120534:ERROR:process_info.cc(608)] range at 0xfe97f000, size 0xf84 fully unreadable
[0131/120534:ERROR:process_info.cc(608)] range at 0xfe97c000, size 0xf84 fully unreadable
[0131/120534:ERROR:process_info.cc(608)] range at 0xfe979000, size 0xf84 fully unreadable
[0131/120534:ERROR:process_info.cc(608)] range at 0xfe976000, size 0xf84 fully unreadable
[0131/120534:ERROR:process_info.cc(608)] range at 0xfe973000, size 0xf84 fully unreadable
[0131/120534:ERROR:process_info.cc(608)] range at 0xfe970000, size 0xf84 fully unreadable
[0131/120534:ERROR:process_info.cc(608)] range at 0xfe96a000, size 0xf84 fully unreadable
[0131/120534:ERROR:process_info.cc(608)] range at 0xfe96d000, size 0xf84 fully unreadable
[0131/120534:ERROR:process_info.cc(608)] range at 0xfe964000, size 0xf84 fully unreadable
[0131/120534:ERROR:process_info.cc(608)] range at 0xfe967000, size 0xf84 fully unreadable
[0131/150836:ERROR:process_info.cc(608)] range at 0xff47e000, size 0x230 fully unreadable
[0131/150836:ERROR:process_info.cc(608)] range at 0xff47d000, size 0xf84 fully unreadable
[0131/150836:ERROR:process_info.cc(608)] range at 0xff477000, size 0xf84 fully unreadable
[0131/150836:ERROR:process_info.cc(608)] range at 0xff34f000, size 0xf84 fully unreadable
[0131/150836:ERROR:process_info.cc(608)] range at 0xff34c000, size 0xf84 fully unreadable
[0131/150836:ERROR:process_info.cc(608)] range at 0xff349000, size 0xf84 fully unreadable
[0131/150836:ERROR:process_info.cc(608)] range at 0xff346000, size 0xf84 fully unreadable
[0131/150836:ERROR:process_info.cc(608)] range at 0xff343000, size 0xf84 fully unreadable
[0131/150836:ERROR:process_info.cc(608)] range at 0xff340000, size 0xf84 fully unreadable
[0131/150836:ERROR:process_info.cc(608)] range at 0xff33d000, size 0xf84 fully unreadable
[0131/150836:ERROR:process_info.cc(608)] range at 0xff331000, size 0xf84 fully unreadable
[0131/150836:ERROR:process_info.cc(608)] range at 0xff337000, size 0xf84 fully unreadable
[0131/150836:ERROR:process_info.cc(608)] range at 0xff33a000, size 0xf84 fully unreadable
[0131/150836:ERROR:process_info.cc(608)] range at 0xff334000, size 0xf84 fully unreadable
[0131/150836:ERROR:process_info.cc(608)] range at 0xff32e000, size 0xf84 fully unreadable
[0131/195949:ERROR:process_info.cc(608)] range at 0xff1a9000, size 0x230 fully unreadable
[0131/195949:ERROR:process_info.cc(608)] range at 0xff1af000, size 0xf84 fully unreadable
[0131/195949:ERROR:process_info.cc(608)] range at 0xff1ac000, size 0xf84 fully unreadable
[0131/195949:ERROR:process_info.cc(608)] range at 0xff1a8000, size 0xf84 fully unreadable
[0131/195949:ERROR:process_info.cc(608)] range at 0xff07f000, size 0xf84 fully unreadable
[0131/195949:ERROR:process_info.cc(608)] range at 0xff07c000, size 0xf84 fully unreadable
[0131/195949:ERROR:process_info.cc(608)] range at 0xff079000, size 0xf84 fully unreadable
[0131/195949:ERROR:process_info.cc(608)] range at 0xff076000, size 0xf84 fully unreadable
[0131/195949:ERROR:process_info.cc(608)] range at 0xff073000, size 0xf84 fully unreadable
[0131/195949:ERROR:process_info.cc(608)] range at 0xff070000, size 0xf84 fully unreadable
[0131/195949:ERROR:process_info.cc(608)] range at 0xff06a000, size 0xf84 fully unreadable
[0131/195949:ERROR:process_info.cc(608)] range at 0xff06d000, size 0xf84 fully unreadable
[0131/195949:ERROR:process_info.cc(608)] range at 0xff067000, size 0xf84 fully unreadable
[0131/195949:ERROR:process_info.cc(608)] range at 0xff064000, size 0xf84 fully unreadable
[0206/095619:ERROR:process_info.cc(608)] range at 0xfe387000, size 0x230 fully unreadable
[0206/095620:ERROR:process_info.cc(608)] range at 0xfe38e000, size 0xf84 fully unreadable
[0206/095620:ERROR:process_info.cc(608)] range at 0xfe38b000, size 0xf84 fully unreadable
[0206/095620:ERROR:process_info.cc(608)] range at 0xfe386000, size 0xf84 fully unreadable
[0206/095620:ERROR:process_info.cc(608)] range at 0xfe25f000, size 0xf84 fully unreadable
[0206/095620:ERROR:process_info.cc(608)] range at 0xfe25c000, size 0xf84 fully unreadable
[0206/095620:ERROR:process_info.cc(608)] range at 0xfe259000, size 0xf84 fully unreadable
[0206/095620:ERROR:process_info.cc(608)] range at 0xfe256000, size 0xf84 fully unreadable
[0206/095620:ERROR:process_info.cc(608)] range at 0xfe253000, size 0xf84 fully unreadable
[0206/095620:ERROR:process_info.cc(608)] range at 0xfe250000, size 0xf84 fully unreadable
[0206/095620:ERROR:process_info.cc(608)] range at 0xfe24d000, size 0xf84 fully unreadable
[0206/095620:ERROR:process_info.cc(608)] range at 0xfe24a000, size 0xf84 fully unreadable
[0206/095620:ERROR:process_info.cc(608)] range at 0xfe247000, size 0xf84 fully unreadable
[0206/095620:ERROR:process_info.cc(608)] range at 0xfe244000, size 0xf84 fully unreadable
[0206/095620:ERROR:process_info.cc(608)] range at 0xfe23e000, size 0xf84 fully unreadable
[0210/203330.963:ERROR:process_info.cc(608)] range at 0xfee03000, size 0x230 fully unreadable
[0210/203331.034:ERROR:process_info.cc(608)] range at 0xfee0e000, size 0xf84 fully unreadable
[0210/203331.034:ERROR:process_info.cc(608)] range at 0xfee0b000, size 0xf84 fully unreadable
[0210/203331.035:ERROR:process_info.cc(608)] range at 0xfee08000, size 0xf84 fully unreadable
[0210/203331.035:ERROR:process_info.cc(608)] range at 0xfecdf000, size 0xf84 fully unreadable
[0210/203331.036:ERROR:process_info.cc(608)] range at 0xfecdc000, size 0xf84 fully unreadable
[0210/203331.036:ERROR:process_info.cc(608)] range at 0xfecd9000, size 0xf84 fully unreadable
[0210/203331.037:ERROR:process_info.cc(608)] range at 0xfecd6000, size 0xf84 fully unreadable
[0210/203331.038:ERROR:process_info.cc(608)] range at 0xfecd3000, size 0xf84 fully unreadable
[0210/203331.038:ERROR:process_info.cc(608)] range at 0xfecd0000, size 0xf84 fully unreadable
[0210/203331.039:ERROR:process_info.cc(608)] range at 0xfecca000, size 0xf84 fully unreadable
[0210/203331.039:ERROR:process_info.cc(608)] range at 0xfecc7000, size 0xf84 fully unreadable
[0210/203331.040:ERROR:process_info.cc(608)] range at 0xfecc4000, size 0xf84 fully unreadable
[0210/203331.041:ERROR:process_info.cc(608)] range at 0xfeccd000, size 0xf84 fully unreadable
[0302/145622.490:ERROR:process_info.cc(608)] range at 0xfe5b7000, size 0x230 fully unreadable
[0302/145622.595:ERROR:process_info.cc(608)] range at 0xfe5bf000, size 0xf84 fully unreadable
[0302/145622.595:ERROR:process_info.cc(608)] range at 0xfe5bc000, size 0xf84 fully unreadable
[0302/145622.595:ERROR:process_info.cc(608)] range at 0xfe5b5000, size 0xf84 fully unreadable
[0302/145622.595:ERROR:process_info.cc(608)] range at 0xfe48f000, size 0xf84 fully unreadable
[0302/145622.595:ERROR:process_info.cc(608)] range at 0xfe48c000, size 0xf84 fully unreadable
[0302/145622.595:ERROR:process_info.cc(608)] range at 0xfe489000, size 0xf84 fully unreadable
[0302/145622.595:ERROR:process_info.cc(608)] range at 0xfe486000, size 0xf84 fully unreadable
[0302/145622.596:ERROR:process_info.cc(608)] range at 0xfe483000, size 0xf84 fully unreadable
[0302/145622.596:ERROR:process_info.cc(608)] range at 0xfe480000, size 0xf84 fully unreadable
[0302/145622.596:ERROR:process_info.cc(608)] range at 0xfe47d000, size 0xf84 fully unreadable
[0302/145622.596:ERROR:process_info.cc(608)] range at 0xfe477000, size 0xf84 fully unreadable
[0302/145622.596:ERROR:process_info.cc(608)] range at 0xfe47a000, size 0xf84 fully unreadable
[0302/145622.596:ERROR:process_info.cc(608)] range at 0xfe474000, size 0xf84 fully unreadable
[0302/145622.596:ERROR:process_info.cc(608)] range at 0xfe471000, size 0xf84 fully unreadable
[0412/205601.708:ERROR:process_reader_win.cc(233)] ReadMemory at 0xce0000 of 64 bytes failed: Only part of a ReadProcessMemory or WriteProcessMemory request was completed. (0x12B)
[0412/205601.749:WARNING:pe_image_reader.cc(281)] could not read dos header from C:\Program Files (x86)\Google\Chrome\Application\chrome.exe
[0412/205601.749:ERROR:process_reader_win.cc(233)] ReadMemory at 0x777f0000 of 64 bytes failed: Only part of a ReadProcessMemory or WriteProcessMemory request was completed. (0x12B)
[0412/205601.749:WARNING:pe_image_reader.cc(281)] could not read dos header from C:\windows\SYSTEM32\ntdll.dll
[0412/205601.749:ERROR:process_reader_win.cc(233)] ReadMemory at 0x76ef0000 of 64 bytes failed: Only part of a ReadProcessMemory or WriteProcessMemory request was completed. (0x12B)
[0412/205601.749:WARNING:pe_image_reader.cc(281)] could not read dos header from C:\windows\SYSTEM32\KERNELBASE.dll
[0412/205601.749:ERROR:process_reader_win.cc(233)] ReadMemory at 0x76ca0000 of 64 bytes failed: Only part of a ReadProcessMemory or WriteProcessMemory request was completed. (0x12B)
[0412/205601.749:WARNING:pe_image_reader.cc(281)] could not read dos header from C:\windows\SYSTEM32\KERNEL32.DLL
[0412/205601.749:ERROR:process_reader_win.cc(233)] ReadMemory at 0x6a480000 of 64 bytes failed: Only part of a ReadProcessMemory or WriteProcessMemory request was completed. (0x12B)
[0412/205601.749:WARNING:pe_image_reader.cc(281)] could not read dos header from C:\windows\system32\apphelp.dll
[0412/205601.749:ERROR:process_reader_win.cc(233)] ReadMemory at 0x74440000 of 64 bytes failed: Only part of a ReadProcessMemory or WriteProcessMemory request was completed. (0x12B)
[0412/205601.749:WARNING:pe_image_reader.cc(281)] could not read dos header from C:\windows\SYSTEM32\SYSFER.DLL
[0412/205601.749:ERROR:process_reader_win.cc(233)] ReadMemory at 0x753b0000 of 64 bytes failed: Only part of a ReadProcessMemory or WriteProcessMemory request was completed. (0x12B)
[0412/205601.749:WARNING:pe_image_reader.cc(281)] could not read dos header from C:\windows\SYSTEM32\msvcrt.dll
[0412/205601.749:ERROR:process_reader_win.cc(233)] ReadMemory at 0x743b0000 of 64 bytes failed: Only part of a ReadProcessMemory or WriteProcessMemory request was completed. (0x12B)
[0412/205601.749:WARNING:pe_image_reader.cc(281)] could not read dos header from C:\windows\SYSTEM32\VERSION.dll
[0412/205601.749:ERROR:process_reader_win.cc(233)] ReadMemory at 0x53b60000 of 64 bytes failed: Only part of a ReadProcessMemory or WriteProcessMemory request was completed. (0x12B)
[0412/205601.749:WARNING:pe_image_reader.cc(281)] could not read dos header from C:\Program Files (x86)\Google\Chrome\Application\57.0.2987.133\chrome_elf.dll
[0412/205601.749:ERROR:process_reader_win.cc(233)] ReadMemory at 0x747d0000 of 64 bytes failed: Only part of a ReadProcessMemory or WriteProcessMemory request was completed. (0x12B)
[0412/205601.750:WARNING:pe_image_reader.cc(281)] could not read dos header from C:\windows\SYSTEM32\bcryptPrimitives.dll
[0412/205601.750:ERROR:process_reader_win.cc(233)] ReadMemory at 0x74510000 of 64 bytes failed: Only part of a ReadProcessMemory or WriteProcessMemory request was completed. (0x12B)
[0412/205601.750:WARNING:pe_image_reader.cc(281)] could not read dos header from C:\windows\SYSTEM32\CRYPTBASE.dll
[0412/205601.750:ERROR:process_reader_win.cc(233)] ReadMemory at 0x74520000 of 64 bytes failed: Only part of a ReadProcessMemory or WriteProcessMemory request was completed. (0x12B)
[0412/205601.750:WARNING:pe_image_reader.cc(281)] could not read dos header from C:\windows\SYSTEM32\SspiCli.dll
[0412/205601.750:ERROR:process_reader_win.cc(233)] ReadMemory at 0x77640000 of 64 bytes failed: Only part of a ReadProcessMemory or WriteProcessMemory request was completed. (0x12B)
[0412/205601.750:WARNING:pe_image_reader.cc(281)] could not read dos header from C:\windows\SYSTEM32\RPCRT4.dll
[0412/205601.750:ERROR:process_reader_win.cc(233)] ReadMemory at 0x77340000 of 64 bytes failed: Only part of a ReadProcessMemory or WriteProcessMemory request was completed. (0x12B)
[0412/205601.750:WARNING:pe_image_reader.cc(281)] could not read dos header from C:\windows\SYSTEM32\sechost.dll
[0412/205601.750:ERROR:process_reader_win.cc(233)] ReadMemory at 0x752c0000 of 64 bytes failed: Only part of a ReadProcessMemory or WriteProcessMemory request was completed. (0x12B)
[0412/205601.750:WARNING:pe_image_reader.cc(281)] could not read dos header from C:\windows\SYSTEM32\ADVAPI32.dll
[0412/205601.750:ERROR:process_reader_win.cc(233)] ReadMemory at 0x77630000 of 64 bytes failed: Only part of a ReadProcessMemory or WriteProcessMemory request was completed. (0x12B)
[0412/205601.750:WARNING:pe_image_reader.cc(281)] could not read dos header from C:\windows\SYSTEM32\PSAPI.DLL
[0412/205601.750:ERROR:process_reader_win.cc(233)] ReadMemory at 0x75470000 of 64 bytes failed: Only part of a ReadProcessMemory or WriteProcessMemory request was completed. (0x12B)
[0412/205601.750:WARNING:pe_image_reader.cc(281)] could not read dos header from C:\windows\SYSTEM32\cfgmgr32.dll
[0412/205601.750:ERROR:process_reader_win.cc(233)] ReadMemory at 0x77390000 of 64 bytes failed: Only part of a ReadProcessMemory or WriteProcessMemory request was completed. (0x12B)
[0412/205601.750:WARNING:pe_image_reader.cc(281)] could not read dos header from C:\windows\SYSTEM32\combase.dll
[0412/205601.750:ERROR:process_reader_win.cc(233)] ReadMemory at 0x769f0000 of 64 bytes failed: Only part of a ReadProcessMemory or WriteProcessMemory request was completed. (0x12B)
[0412/205601.751:WARNING:pe_image_reader.cc(281)] could not read dos header from C:\windows\SYSTEM32\USER32.dll
[0412/205601.751:ERROR:process_reader_win.cc(233)] ReadMemory at 0x76da0000 of 64 bytes failed: Only part of a ReadProcessMemory or WriteProcessMemory request was completed. (0x12B)
[0412/205601.751:WARNING:pe_image_reader.cc(281)] could not read dos header from C:\windows\SYSTEM32\GDI32.dll
[0412/205601.751:ERROR:process_reader_win.cc(233)] ReadMemory at 0x76b60000 of 64 bytes failed: Only part of a ReadProcessMemory or WriteProcessMemory request was completed. (0x12B)
[0412/205601.751:WARNING:pe_image_reader.cc(281)] could not read dos header from C:\windows\SYSTEM32\IMM32.DLL
[0412/205601.751:ERROR:process_reader_win.cc(233)] ReadMemory at 0x77550000 of 64 bytes failed: Only part of a ReadProcessMemory or WriteProcessMemory request was completed. (0x12B)
[0412/205601.751:WARNING:pe_image_reader.cc(281)] could not read dos header from C:\windows\SYSTEM32\shlwapi.dll
[0412/205601.751:ERROR:process_reader_win.cc(233)] ReadMemory at 0x76b40000 of 64 bytes failed: Only part of a ReadProcessMemory or WriteProcessMemory request was completed. (0x12B)
[0412/205601.751:WARNING:pe_image_reader.cc(281)] could not read dos header from C:\windows\SYSTEM32\kernel.appcore.dll
[0412/205601.751:ERROR:process_reader_win.cc(233)] ReadMemory at 0x775a0000 of 64 bytes failed: Only part of a ReadProcessMemory or WriteProcessMemory request was completed. (0x12B)
[0412/205601.751:WARNING:pe_image_reader.cc(281)] could not read dos header from C:\windows\SYSTEM32\shcore.dll
[0412/205601.751:ERROR:process_reader_win.cc(233)] ReadMemory at 0x74e50000 of 64 bytes failed: Only part of a ReadProcessMemory or WriteProcessMemory request was completed. (0x12B)
[0412/205601.751:WARNING:pe_image_reader.cc(281)] could not read dos header from C:\windows\SYSTEM32\powrprof.dll
[0412/205601.751:ERROR:process_reader_win.cc(233)] ReadMemory at 0x76b50000 of 64 bytes failed: Only part of a ReadProcessMemory or WriteProcessMemory request was completed. (0x12B)
[0412/205601.751:WARNING:pe_image_reader.cc(281)] could not read dos header from C:\windows\SYSTEM32\profapi.dll
[0412/205601.751:ERROR:process_reader_win.cc(233)] ReadMemory at 0x74950000 of 64 bytes failed: Only part of a ReadProcessMemory or WriteProcessMemory request was completed. (0x12B)
[0412/205601.751:WARNING:pe_image_reader.cc(281)] could not read dos header from C:\windows\SYSTEM32\windows.storage.dll
[0412/205601.751:ERROR:process_reader_win.cc(233)] ReadMemory at 0x75550000 of 64 bytes failed: Only part of a ReadProcessMemory or WriteProcessMemory request was completed. (0x12B)
[0412/205601.751:WARNING:pe_image_reader.cc(281)] could not read dos header from C:\windows\SYSTEM32\SHELL32.dll
[0412/205601.751:ERROR:process_reader_win.cc(233)] ReadMemory at 0x641e0000 of 64 bytes failed: Only part of a ReadProcessMemory or WriteProcessMemory request was completed. (0x12B)
[0412/205601.752:WARNING:pe_image_reader.cc(281)] could not read dos header from C:\windows\SYSTEM32\WINMMBASE.dll
[0412/205601.752:ERROR:process_reader_win.cc(233)] ReadMemory at 0x64210000 of 64 bytes failed: Only part of a ReadProcessMemory or WriteProcessMemory request was completed. (0x12B)
[0412/205601.752:WARNING:pe_image_reader.cc(281)] could not read dos header from C:\windows\SYSTEM32\WINMM.dll
[0412/205601.752:ERROR:process_reader_win.cc(233)] ReadMemory at 0x71e40000 of 64 bytes failed: Only part of a ReadProcessMemory or WriteProcessMemory request was completed. (0x12B)
[0412/205601.752:WARNING:pe_image_reader.cc(281)] could not read dos header from C:\windows\SYSTEM32\USERENV.dll
[0412/205601.752:ERROR:process_reader_win.cc(233)] ReadMemory at 0x70bc0000 of 64 bytes failed: Only part of a ReadProcessMemory or WriteProcessMemory request was completed. (0x12B)
[0412/205601.752:WARNING:pe_image_reader.cc(281)] could not read dos header from C:\windows\SYSTEM32\WINHTTP.dll
[0412/205601.752:ERROR:process_reader_win.cc(233)] ReadMemory at 0x76c40000 of 64 bytes failed: Only part of a ReadProcessMemory or WriteProcessMemory request was completed. (0x12B)
[0412/205601.752:WARNING:pe_image_reader.cc(281)] could not read dos header from C:\windows\SYSTEM32\WS2_32.dll
[0412/205601.752:ERROR:process_reader_win.cc(233)] ReadMemory at 0x752b0000 of 64 bytes failed: Only part of a ReadProcessMemory or WriteProcessMemory request was completed. (0x12B)
[0412/205601.752:WARNING:pe_image_reader.cc(281)] could not read dos header from C:\windows\SYSTEM32\NSI.dll
[0412/205601.752:ERROR:process_reader_win.cc(233)] ReadMemory at 0x71d00000 of 64 bytes failed: Only part of a ReadProcessMemory or WriteProcessMemory request was completed. (0x12B)
[0412/205601.752:WARNING:pe_image_reader.cc(281)] could not read dos header from C:\windows\SYSTEM32\DNSAPI.dll
[0412/205601.752:ERROR:process_reader_win.cc(233)] ReadMemory at 0x68000000 of 64 bytes failed: Only part of a ReadProcessMemory or WriteProcessMemory request was completed. (0x12B)
[0412/205601.752:WARNING:pe_image_reader.cc(281)] could not read dos header from C:\windows\SYSTEM32\QIPCAP.dll
[0412/205601.752:ERROR:process_reader_win.cc(233)] ReadMemory at 0x776f0000 of 64 bytes failed: Only part of a ReadProcessMemory or WriteProcessMemory request was completed. (0x12B)
[0412/205601.752:WARNING:pe_image_reader.cc(281)] could not read dos header from C:\windows\SYSTEM32\ole32.dll
[0412/205601.752:ERROR:process_reader_win.cc(233)] ReadMemory at 0x754b0000 of 64 bytes failed: Only part of a ReadProcessMemory or WriteProcessMemory request was completed. (0x12B)
[0412/205601.752:WARNING:pe_image_reader.cc(281)] could not read dos header from C:\windows\SYSTEM32\OLEAUT32.dll
[0412/205601.752:ERROR:process_reader_win.cc(233)] ReadMemory at 0x6ed80000 of 64 bytes failed: Only part of a ReadProcessMemory or WriteProcessMemory request was completed. (0x12B)
[0412/205601.752:WARNING:pe_image_reader.cc(281)] could not read dos header from C:\windows\WinSxS\x86_microsoft.windows.common-controls_6595b64144ccf1df_6.0.10586.672_none_ea83eaa5b9bc2149\COMCTL32.dll
[0412/205601.753:ERROR:process_reader_win.cc(233)] ReadMemory at 0x75340000 of 64 bytes failed: Only part of a ReadProcessMemory or WriteProcessMemory request was completed. (0x12B)
[0412/205601.753:WARNING:pe_image_reader.cc(281)] could not read dos header from C:\windows\SYSTEM32\FirewallAPI.dll
[0412/205601.753:ERROR:process_reader_win.cc(233)] ReadMemory at 0x6d3d0000 of 64 bytes failed: Only part of a ReadProcessMemory or WriteProcessMemory request was completed. (0x12B)
[0412/205601.753:WARNING:pe_image_reader.cc(281)] could not read dos header from C:\windows\SYSTEM32\fwbase.dll
[0412/205601.753:ERROR:process_reader_win.cc(233)] ReadMemory at 0x76d80000 of 64 bytes failed: Only part of a ReadProcessMemory or WriteProcessMemory request was completed. (0x12B)
[0412/205601.753:WARNING:pe_image_reader.cc(281)] could not read dos header from C:\windows\SYSTEM32\NETAPI32.dll
[0412/205601.753:ERROR:process_reader_win.cc(233)] ReadMemory at 0x6a560000 of 64 bytes failed: Only part of a ReadProcessMemory or WriteProcessMemory request was completed. (0x12B)
[0412/205601.753:WARNING:pe_image_reader.cc(281)] could not read dos header from C:\windows\SYSTEM32\DAVHLPR.DLL
[0412/205601.753:ERROR:process_reader_win.cc(233)] ReadMemory at 0x74830000 of 64 bytes failed: Only part of a ReadProcessMemory or WriteProcessMemory request was completed. (0x12B)
[0412/205601.753:WARNING:pe_image_reader.cc(281)] could not read dos header from C:\windows\SYSTEM32\COMDLG32.dll
[0412/205601.753:ERROR:process_reader_win.cc(233)] ReadMemory at 0x71240000 of 64 bytes failed: Only part of a ReadProcessMemory or WriteProcessMemory request was completed. (0x12B)
[0412/205601.753:WARNING:pe_image_reader.cc(281)] could not read dos header from C:\windows\SYSTEM32\dbghelp.dll
[0412/205601.753:ERROR:process_reader_win.cc(233)] ReadMemory at 0x753a0000 of 64 bytes failed: Only part of a ReadProcessMemory or WriteProcessMemory request was completed. (0x12B)
[0412/205601.753:WARNING:pe_image_reader.cc(281)] could not read dos header from C:\windows\SYSTEM32\MSASN1.dll
[0412/205601.753:ERROR:process_reader_win.cc(233)] ReadMemory at 0x770d0000 of 64 bytes failed: Only part of a ReadProcessMemory or WriteProcessMemory request was completed. (0x12B)
[0412/205601.753:WARNING:pe_image_reader.cc(281)] could not read dos header from C:\windows\SYSTEM32\CRYPT32.dll
[0412/205601.753:ERROR:process_reader_win.cc(233)] ReadMemory at 0x5c4f0000 of 64 bytes failed: Only part of a ReadProcessMemory or WriteProcessMemory request was completed. (0x12B)
[0412/205601.753:WARNING:pe_image_reader.cc(281)] could not read dos header from C:\windows\SYSTEM32\USP10.dll
[0412/205601.753:ERROR:process_reader_win.cc(233)] ReadMemory at 0x71f00000 of 64 bytes failed: Only part of a ReadProcessMemory or WriteProcessMemory request was completed. (0x12B)
[0412/205601.753:WARNING:pe_image_reader.cc(281)] could not read dos header from C:\windows\SYSTEM32\bcrypt.dll
[0412/205601.754:ERROR:process_reader_win.cc(233)] ReadMemory at 0x6a250000 of 64 bytes failed: Only part of a ReadProcessMemory or WriteProcessMemory request was completed. (0x12B)
[0412/205601.754:WARNING:pe_image_reader.cc(281)] could not read dos header from C:\windows\SYSTEM32\WINSPOOL.DRV
[0412/205601.754:ERROR:process_reader_win.cc(233)] ReadMemory at 0x71d90000 of 64 bytes failed: Only part of a ReadProcessMemory or WriteProcessMemory request was completed. (0x12B)
[0412/205601.754:WARNING:pe_image_reader.cc(281)] could not read dos header from C:\windows\SYSTEM32\IPHLPAPI.DLL
[0412/205601.754:ERROR:process_reader_win.cc(233)] ReadMemory at 0x71fa0000 of 64 bytes failed: Only part of a ReadProcessMemory or WriteProcessMemory request was completed. (0x12B)
[0412/205601.754:WARNING:pe_image_reader.cc(281)] could not read dos header from C:\windows\SYSTEM32\Secur32.dll
[0412/205601.754:ERROR:process_reader_win.cc(233)] ReadMemory at 0x67c80000 of 64 bytes failed: Only part of a ReadProcessMemory or WriteProcessMemory request was completed. (0x12B)
[0412/205601.754:WARNING:pe_image_reader.cc(281)] could not read dos header from C:\windows\SYSTEM32\DWrite.dll
[0412/205601.754:ERROR:process_reader_win.cc(233)] ReadMemory at 0x516e0000 of 64 bytes failed: Only part of a ReadProcessMemory or WriteProcessMemory request was completed. (0x12B)
[0412/205601.754:WARNING:pe_image_reader.cc(281)] could not read dos header from C:\windows\SYSTEM32\FONTSUB.dll
[0412/205601.754:ERROR:process_reader_win.cc(233)] ReadMemory at 0x76bf0000 of 64 bytes failed: Only part of a ReadProcessMemory or WriteProcessMemory request was completed. (0x12B)
[0412/205601.754:WARNING:pe_image_reader.cc(281)] could not read dos header from C:\windows\SYSTEM32\WINTRUST.dll
[0412/205601.754:ERROR:process_reader_win.cc(233)] ReadMemory at 0xfd30000 of 64 bytes failed: Only part of a ReadProcessMemory or WriteProcessMemory request was completed. (0x12B)
[0412/205601.754:WARNING:pe_image_reader.cc(281)] could not read dos header from C:\Program Files (x86)\Google\Chrome\Application\57.0.2987.133\chrome_child.dll
[0412/205601.754:ERROR:process_reader_win.cc(233)] ReadMemory at 0xce0000 of 64 bytes failed: Only part of a ReadProcessMemory or WriteProcessMemory request was completed. (0x12B)
[0412/205601.754:WARNING:pe_image_reader.cc(281)] could not read dos header from C:\Program Files (x86)\Google\Chrome\Application\chrome.exe
[0412/205601.754:ERROR:process_reader_win.cc(233)] ReadMemory at 0x777f0000 of 64 bytes failed: Only part of a ReadProcessMemory or WriteProcessMemory request was completed. (0x12B)
[0412/205601.754:WARNING:pe_image_reader.cc(281)] could not read dos header from C:\windows\SYSTEM32\ntdll.dll
[0412/205601.754:ERROR:process_reader_win.cc(233)] ReadMemory at 0x76ef0000 of 64 bytes failed: Only part of a ReadProcessMemory or WriteProcessMemory request was completed. (0x12B)
[0412/205601.754:WARNING:pe_image_reader.cc(281)] could not read dos header from C:\windows\SYSTEM32\KERNELBASE.dll
[0412/205601.755:ERROR:process_reader_win.cc(233)] ReadMemory at 0x76ca0000 of 64 bytes failed: Only part of a ReadProcessMemory or WriteProcessMemory request was completed. (0x12B)
[0412/205601.755:WARNING:pe_image_reader.cc(281)] could not read dos header from C:\windows\SYSTEM32\KERNEL32.DLL
[0412/205601.755:ERROR:process_reader_win.cc(233)] ReadMemory at 0x6a480000 of 64 bytes failed: Only part of a ReadProcessMemory or WriteProcessMemory request was completed. (0x12B)
[0412/205601.755:WARNING:pe_image_reader.cc(281)] could not read dos header from C:\windows\system32\apphelp.dll
[0412/205601.755:ERROR:process_reader_win.cc(233)] ReadMemory at 0x74440000 of 64 bytes failed: Only part of a ReadProcessMemory or WriteProcessMemory request was completed. (0x12B)
[0412/205601.755:WARNING:pe_image_reader.cc(281)] could not read dos header from C:\windows\SYSTEM32\SYSFER.DLL
[0412/205601.755:ERROR:process_reader_win.cc(233)] ReadMemory at 0x753b0000 of 64 bytes failed: Only part of a ReadProcessMemory or WriteProcessMemory request was completed. (0x12B)
[0412/205601.755:WARNING:pe_image_reader.cc(281)] could not read dos header from C:\windows\SYSTEM32\msvcrt.dll
[0412/205601.755:ERROR:process_reader_win.cc(233)] ReadMemory at 0x743b0000 of 64 bytes failed: Only part of a ReadProcessMemory or WriteProcessMemory request was completed. (0x12B)
[0412/205601.755:WARNING:pe_image_reader.cc(281)] could not read dos header from C:\windows\SYSTEM32\VERSION.dll
[0412/205601.755:ERROR:process_reader_win.cc(233)] ReadMemory at 0x53b60000 of 64 bytes failed: Only part of a ReadProcessMemory or WriteProcessMemory request was completed. (0x12B)
[0412/205601.755:WARNING:pe_image_reader.cc(281)] could not read dos header from C:\Program Files (x86)\Google\Chrome\Application\57.0.2987.133\chrome_elf.dll
[0412/205601.755:ERROR:process_reader_win.cc(233)] ReadMemory at 0x747d0000 of 64 bytes failed: Only part of a ReadProcessMemory or WriteProcessMemory request was completed. (0x12B)
[0412/205601.755:WARNING:pe_image_reader.cc(281)] could not read dos header from C:\windows\SYSTEM32\bcryptPrimitives.dll
[0412/205601.755:ERROR:process_reader_win.cc(233)] ReadMemory at 0x74510000 of 64 bytes failed: Only part of a ReadProcessMemory or WriteProcessMemory request was completed. (0x12B)
[0412/205601.755:WARNING:pe_image_reader.cc(281)] could not read dos header from C:\windows\SYSTEM32\CRYPTBASE.dll
[0412/205601.755:ERROR:process_reader_win.cc(233)] ReadMemory at 0x74520000 of 64 bytes failed: Only part of a ReadProcessMemory or WriteProcessMemory request was completed. (0x12B)
[0412/205601.755:WARNING:pe_image_reader.cc(281)] could not read dos header from C:\windows\SYSTEM32\SspiCli.dll
[0412/205601.755:ERROR:process_reader_win.cc(233)] ReadMemory at 0x77640000 of 64 bytes failed: Only part of a ReadProcessMemory or WriteProcessMemory request was completed. (0x12B)
[0412/205601.756:WARNING:pe_image_reader.cc(281)] could not read dos header from C:\windows\SYSTEM32\RPCRT4.dll
[0412/205601.756:ERROR:process_reader_win.cc(233)] ReadMemory at 0x77340000 of 64 bytes failed: Only part of a ReadProcessMemory or WriteProcessMemory request was completed. (0x12B)
[0412/205601.756:WARNING:pe_image_reader.cc(281)] could not read dos header from C:\windows\SYSTEM32\sechost.dll
[0412/205601.756:ERROR:process_reader_win.cc(233)] ReadMemory at 0x752c0000 of 64 bytes failed: Only part of a ReadProcessMemory or WriteProcessMemory request was completed. (0x12B)
[0412/205601.756:WARNING:pe_image_reader.cc(281)] could not read dos header from C:\windows\SYSTEM32\ADVAPI32.dll
[0412/205601.756:ERROR:process_reader_win.cc(233)] ReadMemory at 0x77630000 of 64 bytes failed: Only part of a ReadProcessMemory or WriteProcessMemory request was completed. (0x12B)
[0412/205601.756:WARNING:pe_image_reader.cc(281)] could not read dos header from C:\windows\SYSTEM32\PSAPI.DLL
[0412/205601.756:ERROR:process_reader_win.cc(233)] ReadMemory at 0x75470000 of 64 bytes failed: Only part of a ReadProcessMemory or WriteProcessMemory request was completed. (0x12B)
[0412/205601.756:WARNING:pe_image_reader.cc(281)] could not read dos header from C:\windows\SYSTEM32\cfgmgr32.dll
[0412/205601.756:ERROR:process_reader_win.cc(233)] ReadMemory at 0x77390000 of 64 bytes failed: Only part of a ReadProcessMemory or WriteProcessMemory request was completed. (0x12B)
[0412/205601.756:WARNING:pe_image_reader.cc(281)] could not read dos header from C:\windows\SYSTEM32\combase.dll
[0412/205601.756:ERROR:process_reader_win.cc(233)] ReadMemory at 0x769f0000 of 64 bytes failed: Only part of a ReadProcessMemory or WriteProcessMemory request was completed. (0x12B)
[0412/205601.756:WARNING:pe_image_reader.cc(281)] could not read dos header from C:\windows\SYSTEM32\USER32.dll
[0412/205601.756:ERROR:process_reader_win.cc(233)] ReadMemory at 0x76da0000 of 64 bytes failed: Only part of a ReadProcessMemory or WriteProcessMemory request was completed. (0x12B)
[0412/205601.756:WARNING:pe_image_reader.cc(281)] could not read dos header from C:\windows\SYSTEM32\GDI32.dll
[0412/205601.756:ERROR:process_reader_win.cc(233)] ReadMemory at 0x76b60000 of 64 bytes failed: Only part of a ReadProcessMemory or WriteProcessMemory request was completed. (0x12B)
[0412/205601.756:WARNING:pe_image_reader.cc(281)] could not read dos header from C:\windows\SYSTEM32\IMM32.DLL
[0412/205601.756:ERROR:process_reader_win.cc(233)] ReadMemory at 0x77550000 of 64 bytes failed: Only part of a ReadProcessMemory or WriteProcessMemory request was completed. (0x12B)
[0412/205601.756:WARNING:pe_image_reader.cc(281)] could not read dos header from C:\windows\SYSTEM32\shlwapi.dll
[0412/205601.756:ERROR:process_reader_win.cc(233)] ReadMemory at 0x76b40000 of 64 bytes failed: Only part of a ReadProcessMemory or WriteProcessMemory request was completed. (0x12B)
[0412/205601.756:WARNING:pe_image_reader.cc(281)] could not read dos header from C:\windows\SYSTEM32\kernel.appcore.dll
[0412/205601.756:ERROR:process_reader_win.cc(233)] ReadMemory at 0x775a0000 of 64 bytes failed: Only part of a ReadProcessMemory or WriteProcessMemory request was completed. (0x12B)
[0412/205601.756:WARNING:pe_image_reader.cc(281)] could not read dos header from C:\windows\SYSTEM32\shcore.dll
[0412/205601.756:ERROR:process_reader_win.cc(233)] ReadMemory at 0x74e50000 of 64 bytes failed: Only part of a ReadProcessMemory or WriteProcessMemory request was completed. (0x12B)
[0412/205601.757:WARNING:pe_image_reader.cc(281)] could not read dos header from C:\windows\SYSTEM32\powrprof.dll
[0412/205601.757:ERROR:process_reader_win.cc(233)] ReadMemory at 0x76b50000 of 64 bytes failed: Only part of a ReadProcessMemory or WriteProcessMemory request was completed. (0x12B)
[0412/205601.757:WARNING:pe_image_reader.cc(281)] could not read dos header from C:\windows\SYSTEM32\profapi.dll
[0412/205601.757:ERROR:process_reader_win.cc(233)] ReadMemory at 0x74950000 of 64 bytes failed: Only part of a ReadProcessMemory or WriteProcessMemory request was completed. (0x12B)
[0412/205601.757:WARNING:pe_image_reader.cc(281)] could not read dos header from C:\windows\SYSTEM32\windows.storage.dll
[0412/205601.757:ERROR:process_reader_win.cc(233)] ReadMemory at 0x75550000 of 64 bytes failed: Only part of a ReadProcessMemory or WriteProcessMemory request was completed. (0x12B)
[0412/205601.757:WARNING:pe_image_reader.cc(281)] could not read dos header from C:\windows\SYSTEM32\SHELL32.dll
[0412/205601.757:ERROR:process_reader_win.cc(233)] ReadMemory at 0x641e0000 of 64 bytes failed: Only part of a ReadProcessMemory or WriteProcessMemory request was completed. (0x12B)
[0412/205601.757:WARNING:pe_image_reader.cc(281)] could not read dos header from C:\windows\SYSTEM32\WINMMBASE.dll
[0412/205601.757:ERROR:process_reader_win.cc(233)] ReadMemory at 0x64210000 of 64 bytes failed: Only part of a ReadProcessMemory or WriteProcessMemory request was completed. (0x12B)
[0412/205601.757:WARNING:pe_image_reader.cc(281)] could not read dos header from C:\windows\SYSTEM32\WINMM.dll
[0412/205601.757:ERROR:process_reader_win.cc(233)] ReadMemory at 0x71e40000 of 64 bytes failed: Only part of a ReadProcessMemory or WriteProcessMemory request was completed. (0x12B)
[0412/205601.757:WARNING:pe_image_reader.cc(281)] could not read dos header from C:\windows\SYSTEM32\USERENV.dll
[0412/205601.757:ERROR:process_reader_win.cc(233)] ReadMemory at 0x70bc0000 of 64 bytes failed: Only part of a ReadProcessMemory or WriteProcessMemory request was completed. (0x12B)
[0412/205601.757:WARNING:pe_image_reader.cc(281)] could not read dos header from C:\windows\SYSTEM32\WINHTTP.dll
[0412/205601.757:ERROR:process_reader_win.cc(233)] ReadMemory at 0x76c40000 of 64 bytes failed: Only part of a ReadProcessMemory or WriteProcessMemory request was completed. (0x12B)
[0412/205601.757:WARNING:pe_image_reader.cc(281)] could not read dos header from C:\windows\SYSTEM32\WS2_32.dll
[0412/205601.757:ERROR:process_reader_win.cc(233)] ReadMemory at 0x752b0000 of 64 bytes failed: Only part of a ReadProcessMemory or WriteProcessMemory request was completed. (0x12B)
[0412/205601.757:WARNING:pe_image_reader.cc(281)] could not read dos header from C:\windows\SYSTEM32\NSI.dll
[0412/205601.757:ERROR:process_reader_win.cc(233)] ReadMemory at 0x71d00000 of 64 bytes failed: Only part of a ReadProcessMemory or WriteProcessMemory request was completed. (0x12B)
[0412/205601.757:WARNING:pe_image_reader.cc(281)] could not read dos header from C:\windows\SYSTEM32\DNSAPI.dll
[0412/205601.757:ERROR:process_reader_win.cc(233)] ReadMemory at 0x68000000 of 64 bytes failed: Only part of a ReadProcessMemory or WriteProcessMemory request was completed. (0x12B)
[0412/205601.757:WARNING:pe_image_reader.cc(281)] could not read dos header from C:\windows\SYSTEM32\QIPCAP.dll
[0412/205601.758:ERROR:process_reader_win.cc(233)] ReadMemory at 0x776f0000 of 64 bytes failed: Only part of a ReadProcessMemory or WriteProcessMemory request was completed. (0x12B)
[0412/205601.758:WARNING:pe_image_reader.cc(281)] could not read dos header from C:\windows\SYSTEM32\ole32.dll
[0412/205601.758:ERROR:process_reader_win.cc(233)] ReadMemory at 0x754b0000 of 64 bytes failed: Only part of a ReadProcessMemory or WriteProcessMemory request was completed. (0x12B)
[0412/205601.758:WARNING:pe_image_reader.cc(281)] could not read dos header from C:\windows\SYSTEM32\OLEAUT32.dll
[0412/205601.758:ERROR:process_reader_win.cc(233)] ReadMemory at 0x6ed80000 of 64 bytes failed: Only part of a ReadProcessMemory or WriteProcessMemory request was completed. (0x12B)
[0412/205601.758:WARNING:pe_image_reader.cc(281)] could not read dos header from C:\windows\WinSxS\x86_microsoft.windows.common-controls_6595b64144ccf1df_6.0.10586.672_none_ea83eaa5b9bc2149\COMCTL32.dll
[0412/205601.758:ERROR:process_reader_win.cc(233)] ReadMemory at 0x75340000 of 64 bytes failed: Only part of a ReadProcessMemory or WriteProcessMemory request was completed. (0x12B)
[0412/205601.758:WARNING:pe_image_reader.cc(281)] could not read dos header from C:\windows\SYSTEM32\FirewallAPI.dll
[0412/205601.758:ERROR:process_reader_win.cc(233)] ReadMemory at 0x6d3d0000 of 64 bytes failed: Only part of a ReadProcessMemory or WriteProcessMemory request was completed. (0x12B)
[0412/205601.758:WARNING:pe_image_reader.cc(281)] could not read dos header from C:\windows\SYSTEM32\fwbase.dll
[0412/205601.758:ERROR:process_reader_win.cc(233)] ReadMemory at 0x76d80000 of 64 bytes failed: Only part of a ReadProcessMemory or WriteProcessMemory request was completed. (0x12B)
[0412/205601.758:WARNING:pe_image_reader.cc(281)] could not read dos header from C:\windows\SYSTEM32\NETAPI32.dll
[0412/205601.758:ERROR:process_reader_win.cc(233)] ReadMemory at 0x6a560000 of 64 bytes failed: Only part of a ReadProcessMemory or WriteProcessMemory request was completed. (0x12B)
[0412/205601.758:WARNING:pe_image_reader.cc(281)] could not read dos header from C:\windows\SYSTEM32\DAVHLPR.DLL
[0412/205601.758:ERROR:process_reader_win.cc(233)] ReadMemory at 0x74830000 of 64 bytes failed: Only part of a ReadProcessMemory or WriteProcessMemory request was completed. (0x12B)
[0412/205601.758:WARNING:pe_image_reader.cc(281)] could not read dos header from C:\windows\SYSTEM32\COMDLG32.dll
[0412/205601.758:ERROR:process_reader_win.cc(233)] ReadMemory at 0x71240000 of 64 bytes failed: Only part of a ReadProcessMemory or WriteProcessMemory request was completed. (0x12B)
[0412/205601.758:WARNING:pe_image_reader.cc(281)] could not read dos header from C:\windows\SYSTEM32\dbghelp.dll
[0412/205601.758:ERROR:process_reader_win.cc(233)] ReadMemory at 0x753a0000 of 64 bytes failed: Only part of a ReadProcessMemory or WriteProcessMemory request was completed. (0x12B)
[0412/205601.758:WARNING:pe_image_reader.cc(281)] could not read dos header from C:\windows\SYSTEM32\MSASN1.dll
[0412/205601.758:ERROR:process_reader_win.cc(233)] ReadMemory at 0x770d0000 of 64 bytes failed: Only part of a ReadProcessMemory or WriteProcessMemory request was completed. (0x12B)
[0412/205601.758:WARNING:pe_image_reader.cc(281)] could not read dos header from C:\windows\SYSTEM32\CRYPT32.dll
[0412/205601.758:ERROR:process_reader_win.cc(233)] ReadMemory at 0x5c4f0000 of 64 bytes failed: Only part of a ReadProcessMemory or WriteProcessMemory request was completed. (0x12B)
[0412/205601.758:WARNING:pe_image_reader.cc(281)] could not read dos header from C:\windows\SYSTEM32\USP10.dll
[0412/205601.759:ERROR:process_reader_win.cc(233)] ReadMemory at 0x71f00000 of 64 bytes failed: Only part of a ReadProcessMemory or WriteProcessMemory request was completed. (0x12B)
[0412/205601.759:WARNING:pe_image_reader.cc(281)] could not read dos header from C:\windows\SYSTEM32\bcrypt.dll
[0412/205601.759:ERROR:process_reader_win.cc(233)] ReadMemory at 0x6a250000 of 64 bytes failed: Only part of a ReadProcessMemory or WriteProcessMemory request was completed. (0x12B)
[0412/205601.759:WARNING:pe_image_reader.cc(281)] could not read dos header from C:\windows\SYSTEM32\WINSPOOL.DRV
[0412/205601.759:ERROR:process_reader_win.cc(233)] ReadMemory at 0x71d90000 of 64 bytes failed: Only part of a ReadProcessMemory or WriteProcessMemory request was completed. (0x12B)
[0412/205601.759:WARNING:pe_image_reader.cc(281)] could not read dos header from C:\windows\SYSTEM32\IPHLPAPI.DLL
[0412/205601.759:ERROR:process_reader_win.cc(233)] ReadMemory at 0x71fa0000 of 64 bytes failed: Only part of a ReadProcessMemory or WriteProcessMemory request was completed. (0x12B)
[0412/205601.759:WARNING:pe_image_reader.cc(281)] could not read dos header from C:\windows\SYSTEM32\Secur32.dll
[0412/205601.759:ERROR:process_reader_win.cc(233)] ReadMemory at 0x67c80000 of 64 bytes failed: Only part of a ReadProcessMemory or WriteProcessMemory request was completed. (0x12B)
[0412/205601.759:WARNING:pe_image_reader.cc(281)] could not read dos header from C:\windows\SYSTEM32\DWrite.dll
[0412/205601.759:ERROR:process_reader_win.cc(233)] ReadMemory at 0x516e0000 of 64 bytes failed: Only part of a ReadProcessMemory or WriteProcessMemory request was completed. (0x12B)
[0412/205601.759:WARNING:pe_image_reader.cc(281)] could not read dos header from C:\windows\SYSTEM32\FONTSUB.dll
[0412/205601.759:ERROR:process_reader_win.cc(233)] ReadMemory at 0x76bf0000 of 64 bytes failed: Only part of a ReadProcessMemory or WriteProcessMemory request was completed. (0x12B)
[0412/205601.759:WARNING:pe_image_reader.cc(281)] could not read dos header from C:\windows\SYSTEM32\WINTRUST.dll
[0412/205601.759:ERROR:process_reader_win.cc(233)] ReadMemory at 0xfd30000 of 64 bytes failed: Only part of a ReadProcessMemory or WriteProcessMemory request was completed. (0x12B)
[0412/205601.759:WARNING:pe_image_reader.cc(281)] could not read dos header from C:\Program Files (x86)\Google\Chrome\Application\57.0.2987.133\chrome_child.dll
[0412/205601.759:ERROR:process_reader_win.cc(233)] ReadMemory at 0xce0000 of 64 bytes failed: Only part of a ReadProcessMemory or WriteProcessMemory request was completed. (0x12B)
[0412/205601.759:WARNING:pe_image_reader.cc(281)] could not read dos header from C:\Program Files (x86)\Google\Chrome\Application\chrome.exe
[0412/205601.759:ERROR:process_reader_win.cc(233)] ReadMemory at 0x777f0000 of 64 bytes failed: Only part of a ReadProcessMemory or WriteProcessMemory request was completed. (0x12B)
[0412/205601.759:WARNING:pe_image_reader.cc(281)] could not read dos header from C:\windows\SYSTEM32\ntdll.dll
[0412/205601.759:ERROR:process_reader_win.cc(233)] ReadMemory at 0x76ef0000 of 64 bytes failed: Only part of a ReadProcessMemory or WriteProcessMemory request was completed. (0x12B)
[0412/205601.759:WARNING:pe_image_reader.cc(281)] could not read dos header from C:\windows\SYSTEM32\KERNELBASE.dll
[0412/205601.760:ERROR:process_reader_win.cc(233)] ReadMemory at 0x76ca0000 of 64 bytes failed: Only part of a ReadProcessMemory or WriteProcessMemory request was completed. (0x12B)
[0412/205601.760:WARNING:pe_image_reader.cc(281)] could not read dos header from C:\windows\SYSTEM32\KERNEL32.DLL
[0412/205601.760:ERROR:process_reader_win.cc(233)] ReadMemory at 0x6a480000 of 64 bytes failed: Only part of a ReadProcessMemory or WriteProcessMemory request was completed. (0x12B)
[0412/205601.760:WARNING:pe_image_reader.cc(281)] could not read dos header from C:\windows\system32\apphelp.dll
[0412/205601.760:ERROR:process_reader_win.cc(233)] ReadMemory at 0x74440000 of 64 bytes failed: Only part of a ReadProcessMemory or WriteProcessMemory request was completed. (0x12B)
[0412/205601.760:WARNING:pe_image_reader.cc(281)] could not read dos header from C:\windows\SYSTEM32\SYSFER.DLL
[0412/205601.760:ERROR:process_reader_win.cc(233)] ReadMemory at 0x753b0000 of 64 bytes failed: Only part of a ReadProcessMemory or WriteProcessMemory request was completed. (0x12B)
[0412/205601.760:WARNING:pe_image_reader.cc(281)] could not read dos header from C:\windows\SYSTEM32\msvcrt.dll
[0412/205601.760:ERROR:process_reader_win.cc(233)] ReadMemory at 0x743b0000 of 64 bytes failed: Only part of a ReadProcessMemory or WriteProcessMemory request was completed. (0x12B)
[0412/205601.760:WARNING:pe_image_reader.cc(281)] could not read dos header from C:\windows\SYSTEM32\VERSION.dll
[0412/205601.760:ERROR:process_reader_win.cc(233)] ReadMemory at 0x53b60000 of 64 bytes failed: Only part of a ReadProcessMemory or WriteProcessMemory request was completed. (0x12B)
[0412/205601.760:WARNING:pe_image_reader.cc(281)] could not read dos header from C:\Program Files (x86)\Google\Chrome\Application\57.0.2987.133\chrome_elf.dll
[0412/205601.760:ERROR:process_reader_win.cc(233)] ReadMemory at 0x747d0000 of 64 bytes failed: Only part of a ReadProcessMemory or WriteProcessMemory request was completed. (0x12B)
[0412/205601.760:WARNING:pe_image_reader.cc(281)] could not read dos header from C:\windows\SYSTEM32\bcryptPrimitives.dll
[0412/205601.760:ERROR:process_reader_win.cc(233)] ReadMemory at 0x74510000 of 64 bytes failed: Only part of a ReadProcessMemory or WriteProcessMemory request was completed. (0x12B)
[0412/205601.760:WARNING:pe_image_reader.cc(281)] could not read dos header from C:\windows\SYSTEM32\CRYPTBASE.dll
[0412/205601.760:ERROR:process_reader_win.cc(233)] ReadMemory at 0x74520000 of 64 bytes failed: Only part of a ReadProcessMemory or WriteProcessMemory request was completed. (0x12B)
[0412/205601.760:WARNING:pe_image_reader.cc(281)] could not read dos header from C:\windows\SYSTEM32\SspiCli.dll
[0412/205601.760:ERROR:process_reader_win.cc(233)] ReadMemory at 0x77640000 of 64 bytes failed: Only part of a ReadProcessMemory or WriteProcessMemory request was completed. (0x12B)
[0412/205601.760:WARNING:pe_image_reader.cc(281)] could not read dos header from C:\windows\SYSTEM32\RPCRT4.dll
[0412/205601.760:ERROR:process_reader_win.cc(233)] ReadMemory at 0x77340000 of 64 bytes failed: Only part of a ReadProcessMemory or WriteProcessMemory request was completed. (0x12B)
[0412/205601.760:WARNING:pe_image_reader.cc(281)] could not read dos header from C:\windows\SYSTEM32\sechost.dll
[0412/205601.761:ERROR:process_reader_win.cc(233)] ReadMemory at 0x752c0000 of 64 bytes failed: Only part of a ReadProcessMemory or WriteProcessMemory request was completed. (0x12B)
[0412/205601.761:WARNING:pe_image_reader.cc(281)] could not read dos header from C:\windows\SYSTEM32\ADVAPI32.dll
[0412/205601.761:ERROR:process_reader_win.cc(233)] ReadMemory at 0x77630000 of 64 bytes failed: Only part of a ReadProcessMemory or WriteProcessMemory request was completed. (0x12B)
[0412/205601.761:WARNING:pe_image_reader.cc(281)] could not read dos header from C:\windows\SYSTEM32\PSAPI.DLL
[0412/205601.761:ERROR:process_reader_win.cc(233)] ReadMemory at 0x75470000 of 64 bytes failed: Only part of a ReadProcessMemory or WriteProcessMemory request was completed. (0x12B)
[0412/205601.761:WARNING:pe_image_reader.cc(281)] could not read dos header from C:\windows\SYSTEM32\cfgmgr32.dll
[0412/205601.761:ERROR:process_reader_win.cc(233)] ReadMemory at 0x77390000 of 64 bytes failed: Only part of a ReadProcessMemory or WriteProcessMemory request was completed. (0x12B)
[0412/205601.761:WARNING:pe_image_reader.cc(281)] could not read dos header from C:\windows\SYSTEM32\combase.dll
[0412/205601.761:ERROR:process_reader_win.cc(233)] ReadMemory at 0x769f0000 of 64 bytes failed: Only part of a ReadProcessMemory or WriteProcessMemory request was completed. (0x12B)
[0412/205601.761:WARNING:pe_image_reader.cc(281)] could not read dos header from C:\windows\SYSTEM32\USER32.dll
[0412/205601.761:ERROR:process_reader_win.cc(233)] ReadMemory at 0x76da0000 of 64 bytes failed: Only part of a ReadProcessMemory or WriteProcessMemory request was completed. (0x12B)
[0412/205601.761:WARNING:pe_image_reader.cc(281)] could not read dos header from C:\windows\SYSTEM32\GDI32.dll
[0412/205601.761:ERROR:process_reader_win.cc(233)] ReadMemory at 0x76b60000 of 64 bytes failed: Only part of a ReadProcessMemory or WriteProcessMemory request was completed. (0x12B)
[0412/205601.761:WARNING:pe_image_reader.cc(281)] could not read dos header from C:\windows\SYSTEM32\IMM32.DLL
[0412/205601.761:ERROR:process_reader_win.cc(233)] ReadMemory at 0x77550000 of 64 bytes failed: Only part of a ReadProcessMemory or WriteProcessMemory request was completed. (0x12B)
[0412/205601.761:WARNING:pe_image_reader.cc(281)] could not read dos header from C:\windows\SYSTEM32\shlwapi.dll
[0412/205601.761:ERROR:process_reader_win.cc(233)] ReadMemory at 0x76b40000 of 64 bytes failed: Only part of a ReadProcessMemory or WriteProcessMemory request was completed. (0x12B)
[0412/205601.761:WARNING:pe_image_reader.cc(281)] could not read dos header from C:\windows\SYSTEM32\kernel.appcore.dll
[0412/205601.761:ERROR:process_reader_win.cc(233)] ReadMemory at 0x775a0000 of 64 bytes failed: Only part of a ReadProcessMemory or WriteProcessMemory request was completed. (0x12B)
[0412/205601.761:WARNING:pe_image_reader.cc(281)] could not read dos header from C:\windows\SYSTEM32\shcore.dll
[0412/205601.762:ERROR:process_reader_win.cc(233)] ReadMemory at 0x74e50000 of 64 bytes failed: Only part of a ReadProcessMemory or WriteProcessMemory request was completed. (0x12B)
[0412/205601.762:WARNING:pe_image_reader.cc(281)] could not read dos header from C:\windows\SYSTEM32\powrprof.dll
[0412/205601.762:ERROR:process_reader_win.cc(233)] ReadMemory at 0x76b50000 of 64 bytes failed: Only part of a ReadProcessMemory or WriteProcessMemory request was completed. (0x12B)
[0412/205601.762:WARNING:pe_image_reader.cc(281)] could not read dos header from C:\windows\SYSTEM32\profapi.dll
[0412/205601.762:ERROR:process_reader_win.cc(233)] ReadMemory at 0x74950000 of 64 bytes failed: Only part of a ReadProcessMemory or WriteProcessMemory request was completed. (0x12B)
[0412/205601.762:WARNING:pe_image_reader.cc(281)] could not read dos header from C:\windows\SYSTEM32\windows.storage.dll
[0412/205601.762:ERROR:process_reader_win.cc(233)] ReadMemory at 0x75550000 of 64 bytes failed: Only part of a ReadProcessMemory or WriteProcessMemory request was completed. (0x12B)
[0412/205601.762:WARNING:pe_image_reader.cc(281)] could not read dos header from C:\windows\SYSTEM32\SHELL32.dll
[0412/205601.762:ERROR:process_reader_win.cc(233)] ReadMemory at 0x641e0000 of 64 bytes failed: Only part of a ReadProcessMemory or WriteProcessMemory request was completed. (0x12B)
[0412/205601.762:WARNING:pe_image_reader.cc(281)] could not read dos header from C:\windows\SYSTEM32\WINMMBASE.dll
[0412/205601.762:ERROR:process_reader_win.cc(233)] ReadMemory at 0x64210000 of 64 bytes failed: Only part of a ReadProcessMemory or WriteProcessMemory request was completed. (0x12B)
[0412/205601.762:WARNING:pe_image_reader.cc(281)] could not read dos header from C:\windows\SYSTEM32\WINMM.dll
[0412/205601.762:ERROR:process_reader_win.cc(233)] ReadMemory at 0x71e40000 of 64 bytes failed: Only part of a ReadProcessMemory or WriteProcessMemory request was completed. (0x12B)
[0412/205601.762:WARNING:pe_image_reader.cc(281)] could not read dos header from C:\windows\SYSTEM32\USERENV.dll
[0412/205601.762:ERROR:process_reader_win.cc(233)] ReadMemory at 0x70bc0000 of 64 bytes failed: Only part of a ReadProcessMemory or WriteProcessMemory request was completed. (0x12B)
[0412/205601.762:WARNING:pe_image_reader.cc(281)] could not read dos header from C:\windows\SYSTEM32\WINHTTP.dll
[0412/205601.762:ERROR:process_reader_win.cc(233)] ReadMemory at 0x76c40000 of 64 bytes failed: Only part of a ReadProcessMemory or WriteProcessMemory request was completed. (0x12B)
[0412/205601.762:WARNING:pe_image_reader.cc(281)] could not read dos header from C:\windows\SYSTEM32\WS2_32.dll
[0412/205601.762:ERROR:process_reader_win.cc(233)] ReadMemory at 0x752b0000 of 64 bytes failed: Only part of a ReadProcessMemory or WriteProcessMemory request was completed. (0x12B)
[0412/205601.762:WARNING:pe_image_reader.cc(281)] could not read dos header from C:\windows\SYSTEM32\NSI.dll
[0412/205601.762:ERROR:process_reader_win.cc(233)] ReadMemory at 0x71d00000 of 64 bytes failed: Only part of a ReadProcessMemory or WriteProcessMemory request was completed. (0x12B)
[0412/205601.762:WARNING:pe_image_reader.cc(281)] could not read dos header from C:\windows\SYSTEM32\DNSAPI.dll
[0412/205601.762:ERROR:process_reader_win.cc(233)] ReadMemory at 0x68000000 of 64 bytes failed: Only part of a ReadProcessMemory or WriteProcessMemory request was completed. (0x12B)
[0412/205601.763:WARNING:pe_image_reader.cc(281)] could not read dos header from C:\windows\SYSTEM32\QIPCAP.dll
[0412/205601.763:ERROR:process_reader_win.cc(233)] ReadMemory at 0x776f0000 of 64 bytes failed: Only part of a ReadProcessMemory or WriteProcessMemory request was completed. (0x12B)
[0412/205601.763:WARNING:pe_image_reader.cc(281)] could not read dos header from C:\windows\SYSTEM32\ole32.dll
[0412/205601.763:ERROR:process_reader_win.cc(233)] ReadMemory at 0x754b0000 of 64 bytes failed: Only part of a ReadProcessMemory or WriteProcessMemory request was completed. (0x12B)
[0412/205601.763:WARNING:pe_image_reader.cc(281)] could not read dos header from C:\windows\SYSTEM32\OLEAUT32.dll
[0412/205601.763:ERROR:process_reader_win.cc(233)] ReadMemory at 0x6ed80000 of 64 bytes failed: Only part of a ReadProcessMemory or WriteProcessMemory request was completed. (0x12B)
[0412/205601.763:WARNING:pe_image_reader.cc(281)] could not read dos header from C:\windows\WinSxS\x86_microsoft.windows.common-controls_6595b64144ccf1df_6.0.10586.672_none_ea83eaa5b9bc2149\COMCTL32.dll
[0412/205601.763:ERROR:process_reader_win.cc(233)] ReadMemory at 0x75340000 of 64 bytes failed: Only part of a ReadProcessMemory or WriteProcessMemory request was completed. (0x12B)
[0412/205601.763:WARNING:pe_image_reader.cc(281)] could not read dos header from C:\windows\SYSTEM32\FirewallAPI.dll
[0412/205601.763:ERROR:process_reader_win.cc(233)] ReadMemory at 0x6d3d0000 of 64 bytes failed: Only part of a ReadProcessMemory or WriteProcessMemory request was completed. (0x12B)
[0412/205601.763:WARNING:pe_image_reader.cc(281)] could not read dos header from C:\windows\SYSTEM32\fwbase.dll
[0412/205601.763:ERROR:process_reader_win.cc(233)] ReadMemory at 0x76d80000 of 64 bytes failed: Only part of a ReadProcessMemory or WriteProcessMemory request was completed. (0x12B)
[0412/205601.763:WARNING:pe_image_reader.cc(281)] could not read dos header from C:\windows\SYSTEM32\NETAPI32.dll
[0412/205601.763:ERROR:process_reader_win.cc(233)] ReadMemory at 0x6a560000 of 64 bytes failed: Only part of a ReadProcessMemory or WriteProcessMemory request was completed. (0x12B)
[0412/205601.763:WARNING:pe_image_reader.cc(281)] could not read dos header from C:\windows\SYSTEM32\DAVHLPR.DLL
[0412/205601.763:ERROR:process_reader_win.cc(233)] ReadMemory at 0x74830000 of 64 bytes failed: Only part of a ReadProcessMemory or WriteProcessMemory request was completed. (0x12B)
[0412/205601.763:WARNING:pe_image_reader.cc(281)] could not read dos header from C:\windows\SYSTEM32\COMDLG32.dll
[0412/205601.763:ERROR:process_reader_win.cc(233)] ReadMemory at 0x71240000 of 64 bytes failed: Only part of a ReadProcessMemory or WriteProcessMemory request was completed. (0x12B)
[0412/205601.763:WARNING:pe_image_reader.cc(281)] could not read dos header from C:\windows\SYSTEM32\dbghelp.dll
[0412/205601.763:ERROR:process_reader_win.cc(233)] ReadMemory at 0x753a0000 of 64 bytes failed: Only part of a ReadProcessMemory or WriteProcessMemory request was completed. (0x12B)
[0412/205601.764:WARNING:pe_image_reader.cc(281)] could not read dos header from C:\windows\SYSTEM32\MSASN1.dll
[0412/205601.764:ERROR:process_reader_win.cc(233)] ReadMemory at 0x770d0000 of 64 bytes failed: Only part of a ReadProcessMemory or WriteProcessMemory request was completed. (0x12B)
[0412/205601.764:WARNING:pe_image_reader.cc(281)] could not read dos header from C:\windows\SYSTEM32\CRYPT32.dll
[0412/205601.764:ERROR:process_reader_win.cc(233)] ReadMemory at 0x5c4f0000 of 64 bytes failed: Only part of a ReadProcessMemory or WriteProcessMemory request was completed. (0x12B)
[0412/205601.764:WARNING:pe_image_reader.cc(281)] could not read dos header from C:\windows\SYSTEM32\USP10.dll
[0412/205601.764:ERROR:process_reader_win.cc(233)] ReadMemory at 0x71f00000 of 64 bytes failed: Only part of a ReadProcessMemory or WriteProcessMemory request was completed. (0x12B)
[0412/205601.764:WARNING:pe_image_reader.cc(281)] could not read dos header from C:\windows\SYSTEM32\bcrypt.dll
[0412/205601.764:ERROR:process_reader_win.cc(233)] ReadMemory at 0x6a250000 of 64 bytes failed: Only part of a ReadProcessMemory or WriteProcessMemory request was completed. (0x12B)
[0412/205601.764:WARNING:pe_image_reader.cc(281)] could not read dos header from C:\windows\SYSTEM32\WINSPOOL.DRV
[0412/205601.764:ERROR:process_reader_win.cc(233)] ReadMemory at 0x71d90000 of 64 bytes failed: Only part of a ReadProcessMemory or WriteProcessMemory request was completed. (0x12B)
[0412/205601.764:WARNING:pe_image_reader.cc(281)] could not read dos header from C:\windows\SYSTEM32\IPHLPAPI.DLL
[0412/205601.764:ERROR:process_reader_win.cc(233)] ReadMemory at 0x71fa0000 of 64 bytes failed: Only part of a ReadProcessMemory or WriteProcessMemory request was completed. (0x12B)
[0412/205601.764:WARNING:pe_image_reader.cc(281)] could not read dos header from C:\windows\SYSTEM32\Secur32.dll
[0412/205601.764:ERROR:process_reader_win.cc(233)] ReadMemory at 0x67c80000 of 64 bytes failed: Only part of a ReadProcessMemory or WriteProcessMemory request was completed. (0x12B)
[0412/205601.764:WARNING:pe_image_reader.cc(281)] could not read dos header from C:\windows\SYSTEM32\DWrite.dll
[0412/205601.765:ERROR:process_reader_win.cc(233)] ReadMemory at 0x516e0000 of 64 bytes failed: Only part of a ReadProcessMemory or WriteProcessMemory request was completed. (0x12B)
[0412/205601.765:WARNING:pe_image_reader.cc(281)] could not read dos header from C:\windows\SYSTEM32\FONTSUB.dll
[0412/205601.765:ERROR:process_reader_win.cc(233)] ReadMemory at 0x76bf0000 of 64 bytes failed: Only part of a ReadProcessMemory or WriteProcessMemory request was completed. (0x12B)
[0412/205601.765:WARNING:pe_image_reader.cc(281)] could not read dos header from C:\windows\SYSTEM32\WINTRUST.dll
[0412/205601.765:ERROR:process_reader_win.cc(233)] ReadMemory at 0xfd30000 of 64 bytes failed: Only part of a ReadProcessMemory or WriteProcessMemory request was completed. (0x12B)
[0412/205601.765:WARNING:pe_image_reader.cc(281)] could not read dos header from C:\Program Files (x86)\Google\Chrome\Application\57.0.2987.133\chrome_child.dll
[0412/205601.802:ERROR:process_reader_win.cc(233)] ReadMemory at 0x6f2000 of 57344 bytes failed: Only part of a ReadProcessMemory or WriteProcessMemory request was completed. (0x12B)
[0412/205601.802:ERROR:crash_report_exception_handler.cc(111)] WriteEverything failed
[0412/205601.812:ERROR:scoped_process_suspend.cc(38)] NtResumeProcess: An attempt was made to access an exiting process.  (0xc000010a)
